<?xml version="1.0" encoding="UTF-8"?>
<!-- Generated by org.testng.reporters.JUnitReportReporter -->
<testsuite hostname="DESKTOP-5K9IA8U" failures="0" tests="1" name="Testng.BaseClassImplementation" time="6.423" errors="0" timestamp="2023-09-30T14:16:59 IST" skipped="0">
  <testcase classname="Testng.BaseClassImplementation" name="createcustomer" time="6.423">
    <system-out>
      <![CDATA[Customer created successfully]]>
    </system-out>
  </testcase> <!-- createcustomer -->
  <system-out>
    <![CDATA[database connected
browser launched
Logged in succesfully
Customer created successfully
logged out succesfully
browser closed
database disconnected]]>
  </system-out>
</testsuite> <!-- Testng.BaseClassImplementation -->
