<?xml version="1.0" encoding="UTF-8"?>
<!-- Generated by org.testng.reporters.JUnitReportReporter -->
<testsuite hostname="DESKTOP-5K9IA8U" failures="0" tests="1" name="Testng.ScreenShotProgram" time="4.062" errors="0" timestamp="2023-09-30T14:52:56 IST" skipped="0">
  <testcase classname="Testng.ScreenShotProgram" name="getScreenShot" time="4.062"/>
</testsuite> <!-- Testng.ScreenShotProgram -->
