<?xml version="1.0" encoding="UTF-8"?>
<!-- Generated by org.testng.reporters.JUnitReportReporter -->
<testsuite hostname="DESKTOP-5K9IA8U" failures="0" tests="1" name="Testng.Annnotation" time="0.016" errors="0" timestamp="2023-09-30T13:25:07 IST" skipped="0">
  <testcase classname="Testng.Annnotation" name="createcustomer" time="0.016">
    <system-out>
      <![CDATA[customer created]]>
    </system-out>
  </testcase> <!-- createcustomer -->
  <system-out>
    <![CDATA[database connected
browser launched
Logged in succesfully
customer created
logged out succesfully
browser closed
database disconnected]]>
  </system-out>
</testsuite> <!-- Testng.Annnotation -->
